<?xml version="1.0" encoding="UTF-8"?>
<testsuite name="com.capgemini.test.AccountTest" tests="6" skipped="0" failures="0" errors="0" timestamp="2018-12-11T09:50:21" hostname="DIN80011757" time="0.112">
  <properties/>
  <testcase name="whenAccountExistsOrNot" classname="com.capgemini.test.AccountTest" time="0.108"/>
  <testcase name="whenTheAmountIsLessThan500SystemShouldThrowException" classname="com.capgemini.test.AccountTest" time="0.0"/>
  <testcase name="whenTheAccountnumberIsInvalidWhileWithdraw" classname="com.capgemini.test.AccountTest" time="0.001"/>
  <testcase name="whenTheAmountIsInSufficientWhileWithdraw" classname="com.capgemini.test.AccountTest" time="0.0"/>
  <testcase name="whenTheWithdrawIsDoneSuccessfully" classname="com.capgemini.test.AccountTest" time="0.0"/>
  <testcase name="whenTheValidInfoIsPassedAccountShouldBeCreatedSuccessfully" classname="com.capgemini.test.AccountTest" time="0.001"/>
  <system-out><![CDATA[]]></system-out>
  <system-err><![CDATA[]]></system-err>
</testsuite>
